Error en la linea 1: Operando Invalido

Error en la linea 3: Operando Invalido

Error en la linea 5: Operando Invalido

Error en la linea 7: Operando Invalido

Error en la linea 9: Operando Invalido

Error en la linea 11: Operando Invalido

Error en la linea 13: Operando Invalido

Error en la linea 15: Operando Invalido

Error en la linea 17: Operando Invalido

Error en la linea 19: Operando Invalido

Error en la linea 21: Operando Invalido

Error en la linea 23: Operando Invalido

Error en la linea 25: Operando Invalido

Error en la linea 27: Operando Invalido

Error en la linea 29: Operando Invalido

Error en la linea 31: Operando Invalido

Error en la linea 33: Operando Invalido

Error en la linea 35: Operando Invalido

Error en la linea 37: Operando Invalido

Error en la linea 39: Operando Invalido

Error en la linea 1: Operando Invalido

Error en la linea 3: Operando Invalido

Error en la linea 5: Operando Invalido

Error en la linea 7: Operando Invalido

Error en la linea 9: Operando Invalido

Error en la linea 11: Operando Invalido

Error en la linea 13: Operando Invalido

Error en la linea 15: Operando Invalido

Error en la linea 17: Operando Invalido

Error en la linea 19: Operando Invalido

Error en la linea 21: Operando Invalido

Error en la linea 23: Operando Invalido

Error en la linea 25: Operando Invalido

Error en la linea 27: Operando Invalido

Error en la linea 29: Operando Invalido

Error en la linea 31: Operando Invalido

Error en la linea 33: Operando Invalido

Error en la linea 35: Operando Invalido

Error en la linea 37: Operando Invalido

Error en la linea 39: Operando Invalido

Error en la linea 1: Operando Invalido10

Error en la linea 3: Operando Invalido

Error en la linea 5: Operando Invalido#JAJAJA

Error en la linea 7: Operando Invalido-10

Error en la linea 9: Operando Invalido100000

Error en la linea 11: Operando Invalido$3FG

Error en la linea 13: Operando Invalido@596

Error en la linea 15: Operando Invalido%1101012101

Error en la linea 17: Operando InvalidoJAJA

Error en la linea 19: Operando InvalidoX,3

Error en la linea 21: Operando Invalido10,SP-

Error en la linea 23: Operando Invalido3,+X+

Error en la linea 25: Operando Invalido3,+PC

Error en la linea 27: Operando Invalido,

Error en la linea 29: Operando Invalido3,

Error en la linea 31: Operando InvalidoA,A

Error en la linea 33: Operando InvalidoPC,A

Error en la linea 35: Operando Invalido-$A,X

Error en la linea 37: Operando Invalido65536,PC

Error en la linea 39: Operando Invalido[]

Error en la linea 1: Operando Invalido: 10

Error en la linea 3: Operando Invalido: 

Error en la linea 5: Operando Invalido: #JAJAJA

Error en la linea 7: Operando Invalido: -10

Error en la linea 9: Operando Invalido: 100000

Error en la linea 11: Operando Invalido: $3FG

Error en la linea 13: Operando Invalido: @596

Error en la linea 15: Operando Invalido: %1101012101

Error en la linea 17: Operando Invalido: JAJA

Error en la linea 19: Operando Invalido: X,3

Error en la linea 21: Operando Invalido: 10,SP-

Error en la linea 23: Operando Invalido: 3,+X+

Error en la linea 25: Operando Invalido: 3,+PC

Error en la linea 27: Operando Invalido: ,

Error en la linea 29: Operando Invalido: 3,

Error en la linea 31: Operando Invalido: A,A

Error en la linea 33: Operando Invalido: PC,A

Error en la linea 35: Operando Invalido: -$A,X

Error en la linea 37: Operando Invalido: 65536,PC

Error en la linea 39: Operando Invalido: []

Error en la linea 1: Operando Invalido: 10

Error en la linea 3: Operando Invalido: 

Error en la linea 5: Operando Invalido: #JAJAJA

Error en la linea 7: Operando Invalido: -10

Error en la linea 9: Operando Invalido: 100000

Error en la linea 11: Operando Invalido: $3FG

Error en la linea 13: Operando Invalido: @596

Error en la linea 15: Operando Invalido: %1101012101

Error en la linea 17: Operando Invalido: JAJA

Error en la linea 19: Operando Invalido: X,3

Error en la linea 21: Operando Invalido: 10,SP-

Error en la linea 23: Operando Invalido: 3,+X+

Error en la linea 25: Operando Invalido: 3,+PC

Error en la linea 27: Operando Invalido: ,

Error en la linea 29: Operando Invalido: 3,

Error en la linea 31: Operando Invalido: A,A

Error en la linea 33: Operando Invalido: PC,A

Error en la linea 35: Operando Invalido: -$A,X

Error en la linea 37: Operando Invalido: 65536,PC

Error en la linea 39: Operando Invalido: []

Error en la linea 1: Operando Invalido

Error en la linea 3: Operando Invalido

Error en la linea 5: Operando Invalido

Error en la linea 7: Operando Invalido

Error en la linea 9: Operando Invalido

Error en la linea 11: Operando Invalido

Error en la linea 13: Operando Invalido

Error en la linea 15: Operando Invalido

Error en la linea 17: Operando Invalido

Error en la linea 19: Operando Invalido

Error en la linea 21: Operando Invalido

Error en la linea 23: Operando Invalido

Error en la linea 25: Operando Invalido

Error en la linea 27: Operando Invalido

Error en la linea 29: Operando Invalido

Error en la linea 31: Operando Invalido

Error en la linea 33: Operando Invalido

Error en la linea 35: Operando Invalido

Error en la linea 37: Operando Invalido

Error en la linea 39: Operando Invalido

Error en la linea 1: Operando Invalido

Error en la linea 3: Operando Invalido

Error en la linea 5: Operando Invalido

Error en la linea 7: Operando Invalido

Error en la linea 9: Operando Invalido

Error en la linea 11: Operando Invalido

Error en la linea 13: Operando Invalido

Error en la linea 15: Operando Invalido

Error en la linea 17: Operando Invalido

Error en la linea 19: Operando Invalido

Error en la linea 21: Operando Invalido

Error en la linea 23: Operando Invalido

Error en la linea 25: Operando Invalido

Error en la linea 27: Operando Invalido

Error en la linea 29: Operando Invalido

Error en la linea 31: Operando Invalido

Error en la linea 33: Operando Invalido

Error en la linea 35: Operando Invalido

Error en la linea 37: Operando Invalido

Error en la linea 39: Operando Invalido

Error en la linea 1: Operando Invalido

Error en la linea 3: Operando Invalido

Error en la linea 5: Operando Invalido

Error en la linea 7: Operando Invalido

Error en la linea 9: Operando Invalido

Error en la linea 11: Operando Invalido

Error en la linea 13: Operando Invalido

Error en la linea 15: Operando Invalido

Error en la linea 17: Operando Invalido

Error en la linea 19: Operando Invalido

Error en la linea 21: Operando Invalido

Error en la linea 23: Operando Invalido

Error en la linea 25: Operando Invalido

Error en la linea 27: Operando Invalido

Error en la linea 29: Operando Invalido

Error en la linea 31: Operando Invalido

Error en la linea 33: Operando Invalido

Error en la linea 35: Operando Invalido

Error en la linea 37: Operando Invalido

Error en la linea 39: Operando Invalido

Error en la linea 1: Operando Invalido

Error en la linea 3: Operando Invalido

Error en la linea 5: Operando Invalido

Error en la linea 7: Operando Invalido

Error en la linea 9: Operando Invalido

Error en la linea 11: Operando Invalido

Error en la linea 13: Operando Invalido

Error en la linea 15: Operando Invalido

Error en la linea 17: Operando Invalido

Error en la linea 19: Operando Invalido

Error en la linea 21: Operando Invalido

Error en la linea 23: Operando Invalido

Error en la linea 25: Operando Invalido

Error en la linea 27: Operando Invalido

Error en la linea 29: Operando Invalido

Error en la linea 31: Operando Invalido

Error en la linea 33: Operando Invalido

Error en la linea 35: Operando Invalido

Error en la linea 37: Operando Invalido

Error en la linea 39: Operando Invalido

Error en la linea 1: Operando Invalido

Error en la linea 3: Operando Invalido

Error en la linea 5: Operando Invalido

Error en la linea 7: Operando Invalido

Error en la linea 9: Operando Invalido

Error en la linea 11: Operando Invalido

Error en la linea 13: Operando Invalido

Error en la linea 15: Operando Invalido

Error en la linea 17: Operando Invalido

Error en la linea 19: Operando Invalido

Error en la linea 21: Operando Invalido

Error en la linea 23: Operando Invalido

Error en la linea 25: Operando Invalido

Error en la linea 27: Operando Invalido

Error en la linea 29: Operando Invalido

Error en la linea 31: Operando Invalido

Error en la linea 33: Operando Invalido

Error en la linea 35: Operando Invalido

Error en la linea 37: Operando Invalido

Error en la linea 39: Operando Invalido

Error en la linea 1: Operando Invalido

Error en la linea 3: Operando Invalido

Error en la linea 5: Operando Invalido

Error en la linea 7: Operando Invalido

Error en la linea 9: Operando Invalido

Error en la linea 11: Operando Invalido

Error en la linea 13: Operando Invalido

Error en la linea 15: Operando Invalido

Error en la linea 17: Operando Invalido

Error en la linea 19: Operando Invalido

Error en la linea 21: Operando Invalido

Error en la linea 23: Operando Invalido

Error en la linea 25: Operando Invalido

Error en la linea 27: Operando Invalido

Error en la linea 29: Operando Invalido

Error en la linea 31: Operando Invalido

Error en la linea 33: Operando Invalido

Error en la linea 35: Operando Invalido

Error en la linea 37: Operando Invalido

Error en la linea 39: Operando Invalido

